[
  {
    "line": 2,
    "elements": [
      {
        "line": 4,
        "name": "",
        "description": "",
        "type": "background",
        "keyword": "Background",
        "steps": [
          {
            "result": {
              "duration": 1905103600,
              "status": "passed"
            },
            "line": 5,
            "name": "the user is on the login page",
            "match": {
              "location": "com.zerobank.stepdefinitions.LoginStepDefs.given_the_user_is_on_the_login_page()"
            },
            "keyword": "Given "
          },
          {
            "result": {
              "duration": 7689167800,
              "status": "passed"
            },
            "line": 6,
            "name": "the user is logged in",
            "match": {
              "location": "com.zerobank.stepdefinitions.AccountActivityNavigationStepDefs.the_user_is_logged_in()"
            },
            "keyword": "And "
          },
          {
            "result": {
              "duration": 1953356000,
              "status": "passed"
            },
            "line": 7,
            "name": "the user navigates to \"Account Activity\" tab",
            "match": {
              "arguments": [
                {
                  "val": "\"Account Activity\"",
                  "offset": 22
                }
              ],
              "location": "com.zerobank.stepdefinitions.AccountSummaryStepDefs.the_user_navigates_to_tab(java.lang.String)"
            },
            "keyword": "And "
          },
          {
            "result": {
              "duration": 1921440000,
              "status": "passed"
            },
            "line": 8,
            "name": "the user accesses the Find Transactions tab",
            "match": {
              "location": "com.zerobank.stepdefinitions.FindTransactionsStepDefs.the_user_accesses_the_Find_Transactions_tab()"
            },
            "keyword": "And "
          }
        ]
      },
      {
        "start_timestamp": "2021-02-14T07:51:55.752Z",
        "before": [
          {
            "result": {
              "duration": 4407027900,
              "status": "passed"
            },
            "match": {
              "location": "com.zerobank.stepdefinitions.Hooks.setUp()"
            }
          }
        ],
        "line": 10,
        "name": "Search date range",
        "description": "",
        "id": "find-transactions-in-account-activity;search-date-range",
        "after": [
          {
            "result": {
              "error_message": "org.openqa.selenium.NoSuchWindowException: no such window: target window already closed\nfrom unknown error: web view not found\n  (Session info: chrome\u003d88.0.4324.150)\nBuild info: version: \u00273.141.59\u0027, revision: \u0027e82be7d358\u0027, time: \u00272018-11-14T08:17:03\u0027\nSystem info: host: \u0027SHEKER-PC\u0027, ip: \u0027192.168.1.17\u0027, os.name: \u0027Windows 10\u0027, os.arch: \u0027amd64\u0027, os.version: \u002710.0\u0027, java.version: \u002713\u0027\nDriver info: org.openqa.selenium.chrome.ChromeDriver\nCapabilities {acceptInsecureCerts: true, browserName: chrome, browserVersion: 88.0.4324.150, chrome: {chromedriverVersion: 88.0.4324.96 (68dba2d8a0b14..., userDataDir: C:\\Users\\User\\AppData\\Local...}, goog:chromeOptions: {debuggerAddress: localhost:57046}, javascriptEnabled: true, networkConnectionEnabled: false, pageLoadStrategy: normal, platform: WINDOWS, platformName: WINDOWS, proxy: Proxy(), setWindowRect: true, strictFileInteractability: false, timeouts: {implicit: 0, pageLoad: 300000, script: 30000}, unhandledPromptBehavior: dismiss and notify, webauthn:extension:largeBlob: true, webauthn:virtualAuthenticators: true}\nSession ID: 0f0a43b2d889aa4919b6f3efa372f809\r\n\tat java.base/jdk.internal.reflect.NativeConstructorAccessorImpl.newInstance0(Native Method)\r\n\tat java.base/jdk.internal.reflect.NativeConstructorAccessorImpl.newInstance(NativeConstructorAccessorImpl.java:62)\r\n\tat java.base/jdk.internal.reflect.DelegatingConstructorAccessorImpl.newInstance(DelegatingConstructorAccessorImpl.java:45)\r\n\tat java.base/java.lang.reflect.Constructor.newInstanceWithCaller(Constructor.java:500)\r\n\tat java.base/java.lang.reflect.Constructor.newInstance(Constructor.java:481)\r\n\tat org.openqa.selenium.remote.http.W3CHttpResponseCodec.createException(W3CHttpResponseCodec.java:187)\r\n\tat org.openqa.selenium.remote.http.W3CHttpResponseCodec.decode(W3CHttpResponseCodec.java:122)\r\n\tat org.openqa.selenium.remote.http.W3CHttpResponseCodec.decode(W3CHttpResponseCodec.java:49)\r\n\tat org.openqa.selenium.remote.HttpCommandExecutor.execute(HttpCommandExecutor.java:158)\r\n\tat org.openqa.selenium.remote.service.DriverCommandExecutor.execute(DriverCommandExecutor.java:83)\r\n\tat org.openqa.selenium.remote.RemoteWebDriver.execute(RemoteWebDriver.java:552)\r\n\tat org.openqa.selenium.remote.RemoteWebDriver.execute(RemoteWebDriver.java:609)\r\n\tat org.openqa.selenium.remote.RemoteWebDriver.getScreenshotAs(RemoteWebDriver.java:295)\r\n\tat com.zerobank.stepdefinitions.Hooks.tearDown(Hooks.java:27)\r\n",
              "duration": 12966000,
              "status": "failed"
            },
            "match": {
              "location": "com.zerobank.stepdefinitions.Hooks.tearDown(io.cucumber.java.Scenario)"
            }
          }
        ],
        "type": "scenario",
        "keyword": "Scenario",
        "steps": [
          {
            "result": {
              "duration": 841233900,
              "status": "passed"
            },
            "line": 11,
            "name": "the user enters date range from \"2012-09-01\" to \"2012-09-06\"",
            "match": {
              "arguments": [
                {
                  "val": "\"2012-09-01\"",
                  "offset": 32
                },
                {
                  "val": "\"2012-09-06\"",
                  "offset": 48
                }
              ],
              "location": "com.zerobank.stepdefinitions.FindTransactionsStepDefs.the_user_enters_date_range_from_to(java.lang.String,java.lang.String)"
            },
            "keyword": "When "
          },
          {
            "result": {
              "duration": 4285960700,
              "status": "passed"
            },
            "line": 12,
            "name": "clicks search",
            "match": {
              "location": "com.zerobank.stepdefinitions.FindTransactionsStepDefs.clicks_search()"
            },
            "keyword": "And "
          },
          {
            "result": {
              "duration": 5053783600,
              "status": "passed"
            },
            "line": 13,
            "name": "results table should only show transactions dates between \"2012-09-01\" to \"2012-09-06\"",
            "match": {
              "arguments": [
                {
                  "val": "\"2012-09-01\"",
                  "offset": 58
                },
                {
                  "val": "\"2012-09-06\"",
                  "offset": 74
                }
              ],
              "location": "com.zerobank.stepdefinitions.FindTransactionsStepDefs.results_table_should_only_show_transactions_dates_between_to(java.lang.String,java.lang.String)"
            },
            "keyword": "Then "
          },
          {
            "result": {
              "error_message": "org.openqa.selenium.NoSuchWindowException: no such window: target window already closed\nfrom unknown error: web view not found\n  (Session info: chrome\u003d88.0.4324.150)\nBuild info: version: \u00273.141.59\u0027, revision: \u0027e82be7d358\u0027, time: \u00272018-11-14T08:17:03\u0027\nSystem info: host: \u0027SHEKER-PC\u0027, ip: \u0027192.168.1.17\u0027, os.name: \u0027Windows 10\u0027, os.arch: \u0027amd64\u0027, os.version: \u002710.0\u0027, java.version: \u002713\u0027\nDriver info: org.openqa.selenium.chrome.ChromeDriver\nCapabilities {acceptInsecureCerts: true, browserName: chrome, browserVersion: 88.0.4324.150, chrome: {chromedriverVersion: 88.0.4324.96 (68dba2d8a0b14..., userDataDir: C:\\Users\\User\\AppData\\Local...}, goog:chromeOptions: {debuggerAddress: localhost:57046}, javascriptEnabled: true, networkConnectionEnabled: false, pageLoadStrategy: normal, platform: WINDOWS, platformName: WINDOWS, proxy: Proxy(), setWindowRect: true, strictFileInteractability: false, timeouts: {implicit: 0, pageLoad: 300000, script: 30000}, unhandledPromptBehavior: dismiss and notify, webauthn:extension:largeBlob: true, webauthn:virtualAuthenticators: true}\nSession ID: 0f0a43b2d889aa4919b6f3efa372f809\n*** Element info: {Using\u003dxpath, value\u003d//div[@id\u003d\u0027filtered_transactions_for_account\u0027]//tbody/tr}\r\n\tat java.base/jdk.internal.reflect.NativeConstructorAccessorImpl.newInstance0(Native Method)\r\n\tat java.base/jdk.internal.reflect.NativeConstructorAccessorImpl.newInstance(NativeConstructorAccessorImpl.java:62)\r\n\tat java.base/jdk.internal.reflect.DelegatingConstructorAccessorImpl.newInstance(DelegatingConstructorAccessorImpl.java:45)\r\n\tat java.base/java.lang.reflect.Constructor.newInstanceWithCaller(Constructor.java:500)\r\n\tat java.base/java.lang.reflect.Constructor.newInstance(Constructor.java:481)\r\n\tat org.openqa.selenium.remote.http.W3CHttpResponseCodec.createException(W3CHttpResponseCodec.java:187)\r\n\tat org.openqa.selenium.remote.http.W3CHttpResponseCodec.decode(W3CHttpResponseCodec.java:122)\r\n\tat org.openqa.selenium.remote.http.W3CHttpResponseCodec.decode(W3CHttpResponseCodec.java:49)\r\n\tat org.openqa.selenium.remote.HttpCommandExecutor.execute(HttpCommandExecutor.java:158)\r\n\tat org.openqa.selenium.remote.service.DriverCommandExecutor.execute(DriverCommandExecutor.java:83)\r\n\tat org.openqa.selenium.remote.RemoteWebDriver.execute(RemoteWebDriver.java:552)\r\n\tat org.openqa.selenium.remote.RemoteWebDriver.findElements(RemoteWebDriver.java:353)\r\n\tat org.openqa.selenium.remote.RemoteWebDriver.findElementsByXPath(RemoteWebDriver.java:432)\r\n\tat org.openqa.selenium.By$ByXPath.findElements(By.java:348)\r\n\tat org.openqa.selenium.remote.RemoteWebDriver.findElements(RemoteWebDriver.java:311)\r\n\tat org.openqa.selenium.support.pagefactory.DefaultElementLocator.findElements(DefaultElementLocator.java:85)\r\n\tat org.openqa.selenium.support.pagefactory.internal.LocatingElementListHandler.invoke(LocatingElementListHandler.java:36)\r\n\tat com.sun.proxy.$Proxy20.size(Unknown Source)\r\n\tat com.zerobank.pages.AccountActivityPage.getTransactionDatesList(AccountActivityPage.java:41)\r\n\tat com.zerobank.stepdefinitions.FindTransactionsStepDefs.the_results_should_be_sorted_by_most_recent_date(FindTransactionsStepDefs.java:57)\r\n\tat âœ½.the results should be sorted by most recent date(file:///C:/Users/User/IdeaProjects/ZeroOnlineBanking/src/test/resources/features/FindTransactions.feature:14)\r\n",
              "duration": 54849900,
              "status": "failed"
            },
            "line": 14,
            "name": "the results should be sorted by most recent date",
            "match": {
              "location": "com.zerobank.stepdefinitions.FindTransactionsStepDefs.the_results_should_be_sorted_by_most_recent_date()"
            },
            "keyword": "And "
          },
          {
            "result": {
              "duration": 999200,
              "status": "skipped"
            },
            "line": 15,
            "name": "the user enters date range from \"2012-09-02\" to \"2012-09-06\"",
            "match": {
              "arguments": [
                {
                  "val": "\"2012-09-02\"",
                  "offset": 32
                },
                {
                  "val": "\"2012-09-06\"",
                  "offset": 48
                }
              ],
              "location": "com.zerobank.stepdefinitions.FindTransactionsStepDefs.the_user_enters_date_range_from_to(java.lang.String,java.lang.String)"
            },
            "keyword": "When "
          },
          {
            "result": {
              "duration": 996700,
              "status": "skipped"
            },
            "line": 16,
            "name": "clicks search",
            "match": {
              "location": "com.zerobank.stepdefinitions.FindTransactionsStepDefs.clicks_search()"
            },
            "keyword": "And "
          },
          {
            "result": {
              "duration": 1008400,
              "status": "skipped"
            },
            "line": 17,
            "name": "results table should only show transactions dates between \"2012-09-02\" to \"2012-09-06\"",
            "match": {
              "arguments": [
                {
                  "val": "\"2012-09-02\"",
                  "offset": 58
                },
                {
                  "val": "\"2012-09-06\"",
                  "offset": 74
                }
              ],
              "location": "com.zerobank.stepdefinitions.FindTransactionsStepDefs.results_table_should_only_show_transactions_dates_between_to(java.lang.String,java.lang.String)"
            },
            "keyword": "Then "
          },
          {
            "result": {
              "duration": 986600,
              "status": "skipped"
            },
            "line": 18,
            "name": "the results table should only not contain transactions dated \"2012-09-01\"",
            "match": {
              "arguments": [
                {
                  "val": "\"2012-09-01\"",
                  "offset": 61
                }
              ],
              "location": "com.zerobank.stepdefinitions.FindTransactionsStepDefs.the_results_table_should_only_not_contain_transactions_dated(java.lang.String)"
            },
            "keyword": "And "
          }
        ],
        "tags": [
          {
            "name": "@findtrans"
          }
        ]
      },
      {
        "line": 4,
        "name": "",
        "description": "",
        "type": "background",
        "keyword": "Background",
        "steps": [
          {
            "result": {
              "status": "skipped"
            },
            "line": 5,
            "name": "the user is on the login page",
            "match": {
              "location": "com.zerobank.stepdefinitions.LoginStepDefs.given_the_user_is_on_the_login_page()"
            },
            "keyword": "Given "
          },
          {
            "result": {
              "duration": 995300,
              "status": "skipped"
            },
            "line": 6,
            "name": "the user is logged in",
            "match": {
              "location": "com.zerobank.stepdefinitions.AccountActivityNavigationStepDefs.the_user_is_logged_in()"
            },
            "keyword": "And "
          },
          {
            "result": {
              "status": "skipped"
            },
            "line": 7,
            "name": "the user navigates to \"Account Activity\" tab",
            "match": {
              "arguments": [
                {
                  "val": "\"Account Activity\"",
                  "offset": 22
                }
              ],
              "location": "com.zerobank.stepdefinitions.AccountSummaryStepDefs.the_user_navigates_to_tab(java.lang.String)"
            },
            "keyword": "And "
          },
          {
            "result": {
              "duration": 998100,
              "status": "skipped"
            },
            "line": 8,
            "name": "the user accesses the Find Transactions tab",
            "match": {
              "location": "com.zerobank.stepdefinitions.FindTransactionsStepDefs.the_user_accesses_the_Find_Transactions_tab()"
            },
            "keyword": "And "
          }
        ]
      },
      {
        "start_timestamp": "2021-02-14T07:52:24.101Z",
        "before": [
          {
            "result": {
              "error_message": "org.openqa.selenium.NoSuchWindowException: no such window: target window already closed\nfrom unknown error: web view not found\n  (Session info: chrome\u003d88.0.4324.150)\nBuild info: version: \u00273.141.59\u0027, revision: \u0027e82be7d358\u0027, time: \u00272018-11-14T08:17:03\u0027\nSystem info: host: \u0027SHEKER-PC\u0027, ip: \u0027192.168.1.17\u0027, os.name: \u0027Windows 10\u0027, os.arch: \u0027amd64\u0027, os.version: \u002710.0\u0027, java.version: \u002713\u0027\nDriver info: org.openqa.selenium.chrome.ChromeDriver\nCapabilities {acceptInsecureCerts: true, browserName: chrome, browserVersion: 88.0.4324.150, chrome: {chromedriverVersion: 88.0.4324.96 (68dba2d8a0b14..., userDataDir: C:\\Users\\User\\AppData\\Local...}, goog:chromeOptions: {debuggerAddress: localhost:57046}, javascriptEnabled: true, networkConnectionEnabled: false, pageLoadStrategy: normal, platform: WINDOWS, platformName: WINDOWS, proxy: Proxy(), setWindowRect: true, strictFileInteractability: false, timeouts: {implicit: 0, pageLoad: 300000, script: 30000}, unhandledPromptBehavior: dismiss and notify, webauthn:extension:largeBlob: true, webauthn:virtualAuthenticators: true}\nSession ID: 0f0a43b2d889aa4919b6f3efa372f809\r\n\tat java.base/jdk.internal.reflect.NativeConstructorAccessorImpl.newInstance0(Native Method)\r\n\tat java.base/jdk.internal.reflect.NativeConstructorAccessorImpl.newInstance(NativeConstructorAccessorImpl.java:62)\r\n\tat java.base/jdk.internal.reflect.DelegatingConstructorAccessorImpl.newInstance(DelegatingConstructorAccessorImpl.java:45)\r\n\tat java.base/java.lang.reflect.Constructor.newInstanceWithCaller(Constructor.java:500)\r\n\tat java.base/java.lang.reflect.Constructor.newInstance(Constructor.java:481)\r\n\tat org.openqa.selenium.remote.http.W3CHttpResponseCodec.createException(W3CHttpResponseCodec.java:187)\r\n\tat org.openqa.selenium.remote.http.W3CHttpResponseCodec.decode(W3CHttpResponseCodec.java:122)\r\n\tat org.openqa.selenium.remote.http.W3CHttpResponseCodec.decode(W3CHttpResponseCodec.java:49)\r\n\tat org.openqa.selenium.remote.HttpCommandExecutor.execute(HttpCommandExecutor.java:158)\r\n\tat org.openqa.selenium.remote.service.DriverCommandExecutor.execute(DriverCommandExecutor.java:83)\r\n\tat org.openqa.selenium.remote.RemoteWebDriver.execute(RemoteWebDriver.java:552)\r\n\tat org.openqa.selenium.remote.RemoteWebDriver.execute(RemoteWebDriver.java:609)\r\n\tat org.openqa.selenium.remote.RemoteWebDriver$RemoteWebDriverOptions$RemoteWindow.maximize(RemoteWebDriver.java:837)\r\n\tat com.zerobank.stepdefinitions.Hooks.setUp(Hooks.java:20)\r\n",
              "duration": 12964500,
              "status": "failed"
            },
            "match": {
              "location": "com.zerobank.stepdefinitions.Hooks.setUp()"
            }
          }
        ],
        "line": 20,
        "name": "Search description",
        "description": "",
        "id": "find-transactions-in-account-activity;search-description",
        "after": [
          {
            "result": {
              "error_message": "org.openqa.selenium.NoSuchWindowException: no such window: target window already closed\nfrom unknown error: web view not found\n  (Session info: chrome\u003d88.0.4324.150)\nBuild info: version: \u00273.141.59\u0027, revision: \u0027e82be7d358\u0027, time: \u00272018-11-14T08:17:03\u0027\nSystem info: host: \u0027SHEKER-PC\u0027, ip: \u0027192.168.1.17\u0027, os.name: \u0027Windows 10\u0027, os.arch: \u0027amd64\u0027, os.version: \u002710.0\u0027, java.version: \u002713\u0027\nDriver info: org.openqa.selenium.chrome.ChromeDriver\nCapabilities {acceptInsecureCerts: true, browserName: chrome, browserVersion: 88.0.4324.150, chrome: {chromedriverVersion: 88.0.4324.96 (68dba2d8a0b14..., userDataDir: C:\\Users\\User\\AppData\\Local...}, goog:chromeOptions: {debuggerAddress: localhost:57046}, javascriptEnabled: true, networkConnectionEnabled: false, pageLoadStrategy: normal, platform: WINDOWS, platformName: WINDOWS, proxy: Proxy(), setWindowRect: true, strictFileInteractability: false, timeouts: {implicit: 0, pageLoad: 300000, script: 30000}, unhandledPromptBehavior: dismiss and notify, webauthn:extension:largeBlob: true, webauthn:virtualAuthenticators: true}\nSession ID: 0f0a43b2d889aa4919b6f3efa372f809\r\n\tat java.base/jdk.internal.reflect.NativeConstructorAccessorImpl.newInstance0(Native Method)\r\n\tat java.base/jdk.internal.reflect.NativeConstructorAccessorImpl.newInstance(NativeConstructorAccessorImpl.java:62)\r\n\tat java.base/jdk.internal.reflect.DelegatingConstructorAccessorImpl.newInstance(DelegatingConstructorAccessorImpl.java:45)\r\n\tat java.base/java.lang.reflect.Constructor.newInstanceWithCaller(Constructor.java:500)\r\n\tat java.base/java.lang.reflect.Constructor.newInstance(Constructor.java:481)\r\n\tat org.openqa.selenium.remote.http.W3CHttpResponseCodec.createException(W3CHttpResponseCodec.java:187)\r\n\tat org.openqa.selenium.remote.http.W3CHttpResponseCodec.decode(W3CHttpResponseCodec.java:122)\r\n\tat org.openqa.selenium.remote.http.W3CHttpResponseCodec.decode(W3CHttpResponseCodec.java:49)\r\n\tat org.openqa.selenium.remote.HttpCommandExecutor.execute(HttpCommandExecutor.java:158)\r\n\tat org.openqa.selenium.remote.service.DriverCommandExecutor.execute(DriverCommandExecutor.java:83)\r\n\tat org.openqa.selenium.remote.RemoteWebDriver.execute(RemoteWebDriver.java:552)\r\n\tat org.openqa.selenium.remote.RemoteWebDriver.execute(RemoteWebDriver.java:609)\r\n\tat org.openqa.selenium.remote.RemoteWebDriver.getScreenshotAs(RemoteWebDriver.java:295)\r\n\tat com.zerobank.stepdefinitions.Hooks.tearDown(Hooks.java:27)\r\n",
              "duration": 11969700,
              "status": "failed"
            },
            "match": {
              "location": "com.zerobank.stepdefinitions.Hooks.tearDown(io.cucumber.java.Scenario)"
            }
          }
        ],
        "type": "scenario",
        "keyword": "Scenario",
        "steps": [
          {
            "result": {
              "duration": 996600,
              "status": "skipped"
            },
            "line": 21,
            "name": "the user enters description \"ONLINE\"",
            "match": {
              "arguments": [
                {
                  "val": "\"ONLINE\"",
                  "offset": 28
                }
              ],
              "location": "com.zerobank.stepdefinitions.FindTransactionsStepDefs.the_user_enters_description(java.lang.String)"
            },
            "keyword": "When "
          },
          {
            "result": {
              "status": "skipped"
            },
            "line": 22,
            "name": "clicks search",
            "match": {
              "location": "com.zerobank.stepdefinitions.FindTransactionsStepDefs.clicks_search()"
            },
            "keyword": "And "
          },
          {
            "result": {
              "status": "skipped"
            },
            "line": 23,
            "name": "results table should only show descriptions containing \"ONLINE\"",
            "match": {
              "arguments": [
                {
                  "val": "\"ONLINE\"",
                  "offset": 55
                }
              ],
              "location": "com.zerobank.stepdefinitions.FindTransactionsStepDefs.results_table_should_only_show_descriptions_containing(java.lang.String)"
            },
            "keyword": "Then "
          },
          {
            "result": {
              "status": "skipped"
            },
            "line": 24,
            "name": "the user enters description \"OFFICE\"",
            "match": {
              "arguments": [
                {
                  "val": "\"OFFICE\"",
                  "offset": 28
                }
              ],
              "location": "com.zerobank.stepdefinitions.FindTransactionsStepDefs.the_user_enters_description(java.lang.String)"
            },
            "keyword": "When "
          },
          {
            "result": {
              "status": "skipped"
            },
            "line": 25,
            "name": "clicks search",
            "match": {
              "location": "com.zerobank.stepdefinitions.FindTransactionsStepDefs.clicks_search()"
            },
            "keyword": "And "
          },
          {
            "result": {
              "status": "skipped"
            },
            "line": 26,
            "name": "results table should only show descriptions containing \"OFFICE\"",
            "match": {
              "arguments": [
                {
                  "val": "\"OFFICE\"",
                  "offset": 55
                }
              ],
              "location": "com.zerobank.stepdefinitions.FindTransactionsStepDefs.results_table_should_only_show_descriptions_containing(java.lang.String)"
            },
            "keyword": "Then "
          },
          {
            "result": {
              "status": "skipped"
            },
            "line": 27,
            "name": "results table should not show descriptions containing \"ONLINE\"",
            "match": {
              "arguments": [
                {
                  "val": "\"ONLINE\"",
                  "offset": 54
                }
              ],
              "location": "com.zerobank.stepdefinitions.FindTransactionsStepDefs.results_table_should_not_show_descriptions_containing(java.lang.String)"
            },
            "keyword": "But "
          }
        ],
        "tags": [
          {
            "name": "@findtrans"
          }
        ]
      },
      {
        "line": 4,
        "name": "",
        "description": "",
        "type": "background",
        "keyword": "Background",
        "steps": [
          {
            "result": {
              "status": "skipped"
            },
            "line": 5,
            "name": "the user is on the login page",
            "match": {
              "location": "com.zerobank.stepdefinitions.LoginStepDefs.given_the_user_is_on_the_login_page()"
            },
            "keyword": "Given "
          },
          {
            "result": {
              "status": "skipped"
            },
            "line": 6,
            "name": "the user is logged in",
            "match": {
              "location": "com.zerobank.stepdefinitions.AccountActivityNavigationStepDefs.the_user_is_logged_in()"
            },
            "keyword": "And "
          },
          {
            "result": {
              "duration": 993300,
              "status": "skipped"
            },
            "line": 7,
            "name": "the user navigates to \"Account Activity\" tab",
            "match": {
              "arguments": [
                {
                  "val": "\"Account Activity\"",
                  "offset": 22
                }
              ],
              "location": "com.zerobank.stepdefinitions.AccountSummaryStepDefs.the_user_navigates_to_tab(java.lang.String)"
            },
            "keyword": "And "
          },
          {
            "result": {
              "duration": 997900,
              "status": "skipped"
            },
            "line": 8,
            "name": "the user accesses the Find Transactions tab",
            "match": {
              "location": "com.zerobank.stepdefinitions.FindTransactionsStepDefs.the_user_accesses_the_Find_Transactions_tab()"
            },
            "keyword": "And "
          }
        ]
      },
      {
        "start_timestamp": "2021-02-14T07:52:24.156Z",
        "before": [
          {
            "result": {
              "error_message": "org.openqa.selenium.NoSuchWindowException: no such window: target window already closed\nfrom unknown error: web view not found\n  (Session info: chrome\u003d88.0.4324.150)\nBuild info: version: \u00273.141.59\u0027, revision: \u0027e82be7d358\u0027, time: \u00272018-11-14T08:17:03\u0027\nSystem info: host: \u0027SHEKER-PC\u0027, ip: \u0027192.168.1.17\u0027, os.name: \u0027Windows 10\u0027, os.arch: \u0027amd64\u0027, os.version: \u002710.0\u0027, java.version: \u002713\u0027\nDriver info: org.openqa.selenium.chrome.ChromeDriver\nCapabilities {acceptInsecureCerts: true, browserName: chrome, browserVersion: 88.0.4324.150, chrome: {chromedriverVersion: 88.0.4324.96 (68dba2d8a0b14..., userDataDir: C:\\Users\\User\\AppData\\Local...}, goog:chromeOptions: {debuggerAddress: localhost:57046}, javascriptEnabled: true, networkConnectionEnabled: false, pageLoadStrategy: normal, platform: WINDOWS, platformName: WINDOWS, proxy: Proxy(), setWindowRect: true, strictFileInteractability: false, timeouts: {implicit: 0, pageLoad: 300000, script: 30000}, unhandledPromptBehavior: dismiss and notify, webauthn:extension:largeBlob: true, webauthn:virtualAuthenticators: true}\nSession ID: 0f0a43b2d889aa4919b6f3efa372f809\r\n\tat java.base/jdk.internal.reflect.NativeConstructorAccessorImpl.newInstance0(Native Method)\r\n\tat java.base/jdk.internal.reflect.NativeConstructorAccessorImpl.newInstance(NativeConstructorAccessorImpl.java:62)\r\n\tat java.base/jdk.internal.reflect.DelegatingConstructorAccessorImpl.newInstance(DelegatingConstructorAccessorImpl.java:45)\r\n\tat java.base/java.lang.reflect.Constructor.newInstanceWithCaller(Constructor.java:500)\r\n\tat java.base/java.lang.reflect.Constructor.newInstance(Constructor.java:481)\r\n\tat org.openqa.selenium.remote.http.W3CHttpResponseCodec.createException(W3CHttpResponseCodec.java:187)\r\n\tat org.openqa.selenium.remote.http.W3CHttpResponseCodec.decode(W3CHttpResponseCodec.java:122)\r\n\tat org.openqa.selenium.remote.http.W3CHttpResponseCodec.decode(W3CHttpResponseCodec.java:49)\r\n\tat org.openqa.selenium.remote.HttpCommandExecutor.execute(HttpCommandExecutor.java:158)\r\n\tat org.openqa.selenium.remote.service.DriverCommandExecutor.execute(DriverCommandExecutor.java:83)\r\n\tat org.openqa.selenium.remote.RemoteWebDriver.execute(RemoteWebDriver.java:552)\r\n\tat org.openqa.selenium.remote.RemoteWebDriver.execute(RemoteWebDriver.java:609)\r\n\tat org.openqa.selenium.remote.RemoteWebDriver$RemoteWebDriverOptions$RemoteWindow.maximize(RemoteWebDriver.java:837)\r\n\tat com.zerobank.stepdefinitions.Hooks.setUp(Hooks.java:20)\r\n",
              "duration": 17955300,
              "status": "failed"
            },
            "match": {
              "location": "com.zerobank.stepdefinitions.Hooks.setUp()"
            }
          }
        ],
        "line": 29,
        "name": "Search description case insensitive",
        "description": "",
        "id": "find-transactions-in-account-activity;search-description-case-insensitive",
        "after": [
          {
            "result": {
              "error_message": "org.openqa.selenium.NoSuchWindowException: no such window: target window already closed\nfrom unknown error: web view not found\n  (Session info: chrome\u003d88.0.4324.150)\nBuild info: version: \u00273.141.59\u0027, revision: \u0027e82be7d358\u0027, time: \u00272018-11-14T08:17:03\u0027\nSystem info: host: \u0027SHEKER-PC\u0027, ip: \u0027192.168.1.17\u0027, os.name: \u0027Windows 10\u0027, os.arch: \u0027amd64\u0027, os.version: \u002710.0\u0027, java.version: \u002713\u0027\nDriver info: org.openqa.selenium.chrome.ChromeDriver\nCapabilities {acceptInsecureCerts: true, browserName: chrome, browserVersion: 88.0.4324.150, chrome: {chromedriverVersion: 88.0.4324.96 (68dba2d8a0b14..., userDataDir: C:\\Users\\User\\AppData\\Local...}, goog:chromeOptions: {debuggerAddress: localhost:57046}, javascriptEnabled: true, networkConnectionEnabled: false, pageLoadStrategy: normal, platform: WINDOWS, platformName: WINDOWS, proxy: Proxy(), setWindowRect: true, strictFileInteractability: false, timeouts: {implicit: 0, pageLoad: 300000, script: 30000}, unhandledPromptBehavior: dismiss and notify, webauthn:extension:largeBlob: true, webauthn:virtualAuthenticators: true}\nSession ID: 0f0a43b2d889aa4919b6f3efa372f809\r\n\tat java.base/jdk.internal.reflect.NativeConstructorAccessorImpl.newInstance0(Native Method)\r\n\tat java.base/jdk.internal.reflect.NativeConstructorAccessorImpl.newInstance(NativeConstructorAccessorImpl.java:62)\r\n\tat java.base/jdk.internal.reflect.DelegatingConstructorAccessorImpl.newInstance(DelegatingConstructorAccessorImpl.java:45)\r\n\tat java.base/java.lang.reflect.Constructor.newInstanceWithCaller(Constructor.java:500)\r\n\tat java.base/java.lang.reflect.Constructor.newInstance(Constructor.java:481)\r\n\tat org.openqa.selenium.remote.http.W3CHttpResponseCodec.createException(W3CHttpResponseCodec.java:187)\r\n\tat org.openqa.selenium.remote.http.W3CHttpResponseCodec.decode(W3CHttpResponseCodec.java:122)\r\n\tat org.openqa.selenium.remote.http.W3CHttpResponseCodec.decode(W3CHttpResponseCodec.java:49)\r\n\tat org.openqa.selenium.remote.HttpCommandExecutor.execute(HttpCommandExecutor.java:158)\r\n\tat org.openqa.selenium.remote.service.DriverCommandExecutor.execute(DriverCommandExecutor.java:83)\r\n\tat org.openqa.selenium.remote.RemoteWebDriver.execute(RemoteWebDriver.java:552)\r\n\tat org.openqa.selenium.remote.RemoteWebDriver.execute(RemoteWebDriver.java:609)\r\n\tat org.openqa.selenium.remote.RemoteWebDriver.getScreenshotAs(RemoteWebDriver.java:295)\r\n\tat com.zerobank.stepdefinitions.Hooks.tearDown(Hooks.java:27)\r\n",
              "duration": 23934900,
              "status": "failed"
            },
            "match": {
              "location": "com.zerobank.stepdefinitions.Hooks.tearDown(io.cucumber.java.Scenario)"
            }
          }
        ],
        "type": "scenario",
        "keyword": "Scenario",
        "steps": [
          {
            "result": {
              "duration": 996000,
              "status": "skipped"
            },
            "line": 30,
            "name": "the user enters description \"ONLINE\"",
            "match": {
              "arguments": [
                {
                  "val": "\"ONLINE\"",
                  "offset": 28
                }
              ],
              "location": "com.zerobank.stepdefinitions.FindTransactionsStepDefs.the_user_enters_description(java.lang.String)"
            },
            "keyword": "When "
          },
          {
            "result": {
              "duration": 993400,
              "status": "skipped"
            },
            "line": 31,
            "name": "clicks search",
            "match": {
              "location": "com.zerobank.stepdefinitions.FindTransactionsStepDefs.clicks_search()"
            },
            "keyword": "And "
          },
          {
            "result": {
              "duration": 997200,
              "status": "skipped"
            },
            "line": 32,
            "name": "results table should only show descriptions containing \"ONLINE\"",
            "match": {
              "arguments": [
                {
                  "val": "\"ONLINE\"",
                  "offset": 55
                }
              ],
              "location": "com.zerobank.stepdefinitions.FindTransactionsStepDefs.results_table_should_only_show_descriptions_containing(java.lang.String)"
            },
            "keyword": "Then "
          },
          {
            "result": {
              "status": "skipped"
            },
            "line": 33,
            "name": "the user enters description \"online\"",
            "match": {
              "arguments": [
                {
                  "val": "\"online\"",
                  "offset": 28
                }
              ],
              "location": "com.zerobank.stepdefinitions.FindTransactionsStepDefs.the_user_enters_description(java.lang.String)"
            },
            "keyword": "When "
          },
          {
            "result": {
              "duration": 1001100,
              "status": "skipped"
            },
            "line": 34,
            "name": "clicks search",
            "match": {
              "location": "com.zerobank.stepdefinitions.FindTransactionsStepDefs.clicks_search()"
            },
            "keyword": "And "
          },
          {
            "result": {
              "duration": 994600,
              "status": "skipped"
            },
            "line": 35,
            "name": "results table should only show descriptions containing \"ONLINE\"",
            "match": {
              "arguments": [
                {
                  "val": "\"ONLINE\"",
                  "offset": 55
                }
              ],
              "location": "com.zerobank.stepdefinitions.FindTransactionsStepDefs.results_table_should_only_show_descriptions_containing(java.lang.String)"
            },
            "keyword": "Then "
          }
        ],
        "tags": [
          {
            "name": "@findtrans"
          }
        ]
      },
      {
        "line": 4,
        "name": "",
        "description": "",
        "type": "background",
        "keyword": "Background",
        "steps": [
          {
            "result": {
              "status": "skipped"
            },
            "line": 5,
            "name": "the user is on the login page",
            "match": {
              "location": "com.zerobank.stepdefinitions.LoginStepDefs.given_the_user_is_on_the_login_page()"
            },
            "keyword": "Given "
          },
          {
            "result": {
              "duration": 996400,
              "status": "skipped"
            },
            "line": 6,
            "name": "the user is logged in",
            "match": {
              "location": "com.zerobank.stepdefinitions.AccountActivityNavigationStepDefs.the_user_is_logged_in()"
            },
            "keyword": "And "
          },
          {
            "result": {
              "duration": 997700,
              "status": "skipped"
            },
            "line": 7,
            "name": "the user navigates to \"Account Activity\" tab",
            "match": {
              "arguments": [
                {
                  "val": "\"Account Activity\"",
                  "offset": 22
                }
              ],
              "location": "com.zerobank.stepdefinitions.AccountSummaryStepDefs.the_user_navigates_to_tab(java.lang.String)"
            },
            "keyword": "And "
          },
          {
            "result": {
              "duration": 1013300,
              "status": "skipped"
            },
            "line": 8,
            "name": "the user accesses the Find Transactions tab",
            "match": {
              "location": "com.zerobank.stepdefinitions.FindTransactionsStepDefs.the_user_accesses_the_Find_Transactions_tab()"
            },
            "keyword": "And "
          }
        ]
      },
      {
        "start_timestamp": "2021-02-14T07:52:24.266Z",
        "before": [
          {
            "result": {
              "error_message": "org.openqa.selenium.NoSuchWindowException: no such window: target window already closed\nfrom unknown error: web view not found\n  (Session info: chrome\u003d88.0.4324.150)\nBuild info: version: \u00273.141.59\u0027, revision: \u0027e82be7d358\u0027, time: \u00272018-11-14T08:17:03\u0027\nSystem info: host: \u0027SHEKER-PC\u0027, ip: \u0027192.168.1.17\u0027, os.name: \u0027Windows 10\u0027, os.arch: \u0027amd64\u0027, os.version: \u002710.0\u0027, java.version: \u002713\u0027\nDriver info: org.openqa.selenium.chrome.ChromeDriver\nCapabilities {acceptInsecureCerts: true, browserName: chrome, browserVersion: 88.0.4324.150, chrome: {chromedriverVersion: 88.0.4324.96 (68dba2d8a0b14..., userDataDir: C:\\Users\\User\\AppData\\Local...}, goog:chromeOptions: {debuggerAddress: localhost:57046}, javascriptEnabled: true, networkConnectionEnabled: false, pageLoadStrategy: normal, platform: WINDOWS, platformName: WINDOWS, proxy: Proxy(), setWindowRect: true, strictFileInteractability: false, timeouts: {implicit: 0, pageLoad: 300000, script: 30000}, unhandledPromptBehavior: dismiss and notify, webauthn:extension:largeBlob: true, webauthn:virtualAuthenticators: true}\nSession ID: 0f0a43b2d889aa4919b6f3efa372f809\r\n\tat java.base/jdk.internal.reflect.NativeConstructorAccessorImpl.newInstance0(Native Method)\r\n\tat java.base/jdk.internal.reflect.NativeConstructorAccessorImpl.newInstance(NativeConstructorAccessorImpl.java:62)\r\n\tat java.base/jdk.internal.reflect.DelegatingConstructorAccessorImpl.newInstance(DelegatingConstructorAccessorImpl.java:45)\r\n\tat java.base/java.lang.reflect.Constructor.newInstanceWithCaller(Constructor.java:500)\r\n\tat java.base/java.lang.reflect.Constructor.newInstance(Constructor.java:481)\r\n\tat org.openqa.selenium.remote.http.W3CHttpResponseCodec.createException(W3CHttpResponseCodec.java:187)\r\n\tat org.openqa.selenium.remote.http.W3CHttpResponseCodec.decode(W3CHttpResponseCodec.java:122)\r\n\tat org.openqa.selenium.remote.http.W3CHttpResponseCodec.decode(W3CHttpResponseCodec.java:49)\r\n\tat org.openqa.selenium.remote.HttpCommandExecutor.execute(HttpCommandExecutor.java:158)\r\n\tat org.openqa.selenium.remote.service.DriverCommandExecutor.execute(DriverCommandExecutor.java:83)\r\n\tat org.openqa.selenium.remote.RemoteWebDriver.execute(RemoteWebDriver.java:552)\r\n\tat org.openqa.selenium.remote.RemoteWebDriver.execute(RemoteWebDriver.java:609)\r\n\tat org.openqa.selenium.remote.RemoteWebDriver$RemoteWebDriverOptions$RemoteWindow.maximize(RemoteWebDriver.java:837)\r\n\tat com.zerobank.stepdefinitions.Hooks.setUp(Hooks.java:20)\r\n",
              "duration": 64825800,
              "status": "failed"
            },
            "match": {
              "location": "com.zerobank.stepdefinitions.Hooks.setUp()"
            }
          }
        ],
        "line": 38,
        "name": "Type",
        "description": "",
        "id": "find-transactions-in-account-activity;type",
        "after": [
          {
            "result": {
              "error_message": "org.openqa.selenium.NoSuchWindowException: no such window: target window already closed\nfrom unknown error: web view not found\n  (Session info: chrome\u003d88.0.4324.150)\nBuild info: version: \u00273.141.59\u0027, revision: \u0027e82be7d358\u0027, time: \u00272018-11-14T08:17:03\u0027\nSystem info: host: \u0027SHEKER-PC\u0027, ip: \u0027192.168.1.17\u0027, os.name: \u0027Windows 10\u0027, os.arch: \u0027amd64\u0027, os.version: \u002710.0\u0027, java.version: \u002713\u0027\nDriver info: org.openqa.selenium.chrome.ChromeDriver\nCapabilities {acceptInsecureCerts: true, browserName: chrome, browserVersion: 88.0.4324.150, chrome: {chromedriverVersion: 88.0.4324.96 (68dba2d8a0b14..., userDataDir: C:\\Users\\User\\AppData\\Local...}, goog:chromeOptions: {debuggerAddress: localhost:57046}, javascriptEnabled: true, networkConnectionEnabled: false, pageLoadStrategy: normal, platform: WINDOWS, platformName: WINDOWS, proxy: Proxy(), setWindowRect: true, strictFileInteractability: false, timeouts: {implicit: 0, pageLoad: 300000, script: 30000}, unhandledPromptBehavior: dismiss and notify, webauthn:extension:largeBlob: true, webauthn:virtualAuthenticators: true}\nSession ID: 0f0a43b2d889aa4919b6f3efa372f809\r\n\tat java.base/jdk.internal.reflect.NativeConstructorAccessorImpl.newInstance0(Native Method)\r\n\tat java.base/jdk.internal.reflect.NativeConstructorAccessorImpl.newInstance(NativeConstructorAccessorImpl.java:62)\r\n\tat java.base/jdk.internal.reflect.DelegatingConstructorAccessorImpl.newInstance(DelegatingConstructorAccessorImpl.java:45)\r\n\tat java.base/java.lang.reflect.Constructor.newInstanceWithCaller(Constructor.java:500)\r\n\tat java.base/java.lang.reflect.Constructor.newInstance(Constructor.java:481)\r\n\tat org.openqa.selenium.remote.http.W3CHttpResponseCodec.createException(W3CHttpResponseCodec.java:187)\r\n\tat org.openqa.selenium.remote.http.W3CHttpResponseCodec.decode(W3CHttpResponseCodec.java:122)\r\n\tat org.openqa.selenium.remote.http.W3CHttpResponseCodec.decode(W3CHttpResponseCodec.java:49)\r\n\tat org.openqa.selenium.remote.HttpCommandExecutor.execute(HttpCommandExecutor.java:158)\r\n\tat org.openqa.selenium.remote.service.DriverCommandExecutor.execute(DriverCommandExecutor.java:83)\r\n\tat org.openqa.selenium.remote.RemoteWebDriver.execute(RemoteWebDriver.java:552)\r\n\tat org.openqa.selenium.remote.RemoteWebDriver.execute(RemoteWebDriver.java:609)\r\n\tat org.openqa.selenium.remote.RemoteWebDriver.getScreenshotAs(RemoteWebDriver.java:295)\r\n\tat com.zerobank.stepdefinitions.Hooks.tearDown(Hooks.java:27)\r\n",
              "duration": 17952600,
              "status": "failed"
            },
            "match": {
              "location": "com.zerobank.stepdefinitions.Hooks.tearDown(io.cucumber.java.Scenario)"
            }
          }
        ],
        "type": "scenario",
        "keyword": "Scenario",
        "steps": [
          {
            "result": {
              "duration": 981300,
              "status": "skipped"
            },
            "line": 39,
            "name": "clicks search",
            "match": {
              "location": "com.zerobank.stepdefinitions.FindTransactionsStepDefs.clicks_search()"
            },
            "keyword": "And "
          },
          {
            "result": {
              "status": "skipped"
            },
            "line": 40,
            "name": "results table should show at least one result under Deposit",
            "match": {
              "location": "com.zerobank.stepdefinitions.FindTransactionsStepDefs.results_table_should_show_at_least_one_result_under_Deposit()"
            },
            "keyword": "Then "
          },
          {
            "result": {
              "duration": 996900,
              "status": "skipped"
            },
            "line": 41,
            "name": "results table should show at least one result under Withdrawal",
            "match": {
              "location": "com.zerobank.stepdefinitions.FindTransactionsStepDefs.results_table_should_show_at_least_one_result_under_Withdrawal()"
            },
            "keyword": "Then "
          },
          {
            "result": {
              "status": "skipped"
            },
            "line": 42,
            "name": "user selects type \"Deposit\"",
            "match": {
              "arguments": [
                {
                  "val": "\"Deposit\"",
                  "offset": 18
                }
              ],
              "location": "com.zerobank.stepdefinitions.FindTransactionsStepDefs.user_selects_type(java.lang.String)"
            },
            "keyword": "When "
          },
          {
            "result": {
              "status": "skipped"
            },
            "line": 43,
            "name": "results table should show at least one result under Deposit",
            "match": {
              "location": "com.zerobank.stepdefinitions.FindTransactionsStepDefs.results_table_should_show_at_least_one_result_under_Deposit()"
            },
            "keyword": "Then "
          },
          {
            "result": {
              "duration": 1995700,
              "status": "skipped"
            },
            "line": 44,
            "name": "results table should show no result under Withdrawal",
            "match": {
              "location": "com.zerobank.stepdefinitions.FindTransactionsStepDefs.results_table_should_show_no_result_under_Withdrawal()"
            },
            "keyword": "But "
          },
          {
            "result": {
              "status": "skipped"
            },
            "line": 45,
            "name": "user selects type \"Withdrawal\"",
            "match": {
              "arguments": [
                {
                  "val": "\"Withdrawal\"",
                  "offset": 18
                }
              ],
              "location": "com.zerobank.stepdefinitions.FindTransactionsStepDefs.user_selects_type(java.lang.String)"
            },
            "keyword": "When "
          },
          {
            "result": {
              "status": "skipped"
            },
            "line": 46,
            "name": "results table should show at least one result under Withdrawal",
            "match": {
              "location": "com.zerobank.stepdefinitions.FindTransactionsStepDefs.results_table_should_show_at_least_one_result_under_Withdrawal()"
            },
            "keyword": "Then "
          },
          {
            "result": {
              "duration": 997300,
              "status": "skipped"
            },
            "line": 47,
            "name": "results table should show no result under Deposit",
            "match": {
              "location": "com.zerobank.stepdefinitions.FindTransactionsStepDefs.results_table_should_show_no_result_under_Deposit()"
            },
            "keyword": "But "
          }
        ],
        "tags": [
          {
            "name": "@findtrans"
          },
          {
            "name": "@wip"
          }
        ]
      }
    ],
    "name": "Find Transactions in Account Activity",
    "description": "",
    "id": "find-transactions-in-account-activity",
    "keyword": "Feature",
    "uri": "file:src/test/resources/features/FindTransactions.feature",
    "tags": [
      {
        "name": "@findtrans",
        "type": "Tag",
        "location": {
          "line": 1,
          "column": 1
        }
      }
    ]
  }
]